<?xml version="1.0" encoding="UTF-8"?>
<!-- Generated by org.testng.reporters.JUnitXMLReporter -->
<testsuite ignored="0" hostname="DESKTOP-GN7T2HK" failures="0" tests="3" name="Test" time="12.894" errors="0" timestamp="2022-04-06T19:02:54 IST">
  <testcase classname="com.byterid.TC_Login" name="login_Test" time="12.839"/>
  <testcase classname="com.byterid.AppTest" name="testlogin1" time="0.009"/>
  <testcase classname="com.byterid.AppTest" name="testlogin2" time="0.001"/>
</testsuite> <!-- Test -->
