<?xml version="1.0" encoding="UTF-8"?>
<testng-results ignored="0" total="3" passed="3" failed="0" skipped="0">
  <reporter-output>
  </reporter-output>
  <suite started-at="2022-04-06T18:46:40 IST" name="Suite" finished-at="2022-04-06T18:46:59 IST" duration-ms="19164">
    <groups>
    </groups>
    <test started-at="2022-04-06T18:46:40 IST" name="Test" finished-at="2022-04-06T18:46:59 IST" duration-ms="19164">
      <class name="com.byterid.TC_Login">
        <test-method signature="login_Test()[pri:0, instance:com.byterid.TC_Login@163e4e87]" started-at="2022-04-06T18:46:40 IST" name="login_Test" finished-at="2022-04-06T18:46:59 IST" duration-ms="19101" status="PASS">
          <reporter-output>
          </reporter-output>
        </test-method> <!-- login_Test -->
      </class> <!-- com.byterid.TC_Login -->
      <class name="com.byterid.AppTest">
        <test-method signature="testlogin1()[pri:0, instance:com.byterid.AppTest@56de5251]" started-at="2022-04-06T18:46:59 IST" name="testlogin1" finished-at="2022-04-06T18:46:59 IST" duration-ms="11" status="PASS">
          <reporter-output>
          </reporter-output>
        </test-method> <!-- testlogin1 -->
        <test-method signature="testlogin2()[pri:0, instance:com.byterid.AppTest@56de5251]" started-at="2022-04-06T18:46:59 IST" name="testlogin2" finished-at="2022-04-06T18:46:59 IST" duration-ms="2" status="PASS">
          <reporter-output>
          </reporter-output>
        </test-method> <!-- testlogin2 -->
      </class> <!-- com.byterid.AppTest -->
    </test> <!-- Test -->
  </suite> <!-- Suite -->
</testng-results>
